2026-01-04 12:54:36 - VERB - Starting to load rules from config
2026-01-04 12:54:36 - INFO - Proceessing rules from "./configs/rules.json" next:
2026-01-04 12:54:36 - VERB - Processing rule "Block github IPs" (ID: 1001)
2026-01-04 12:54:36 - VERB - Processing rule "ALert github IPs" (ID: 1004)
2026-01-04 12:54:36 - VERB - Processing rule "Block SQL injection patterns by regex" (ID: 1002)
2026-01-04 12:54:36 - VERB - Processing rule "Alert on SQL injection patterns by regex" (ID: 1003)
2026-01-04 12:54:36 - INFO - All rules OK. Loaded 4 rules
2026-01-04 12:54:36 - INFO - IPS started successfully
2026-01-04 12:56:46 - VERB - Starting to load rules from config
2026-01-04 12:56:46 - INFO - Proceessing rules from "./configs/rules.json" next:
2026-01-04 12:56:46 - VERB - Processing rule "Block github IPs" (ID: 1001)
| Rule ID    : 1001
|   Desc     : Block github IPs
|   Src IP   : 140.82.121.3
|   Dst IP   : any
|   Src Port : any
|   Dst Port : any
|   Protocol : TCP
|   Action   : drop

2026-01-04 12:56:46 - VERB - Processing rule "ALert github IPs" (ID: 1004)
| Rule ID    : 1004
|   Desc     : ALert github IPs
|   Src IP   : 140.82.121.3
|   Dst IP   : any
|   Src Port : any
|   Dst Port : any
|   Protocol : TCP
|   Action   : alert

2026-01-04 12:56:46 - VERB - Processing rule "Block SQL injection patterns by regex" (ID: 1002)
| Rule ID    : 1002
|   Desc     : Block SQL injection patterns by regex
|   Src IP   : any
|   Dst IP   : any
|   Src Port : any
|   Dst Port : any
|   Protocol : TCP
|   Action   : drop
|   Regex    : .*(union|select|drop|delete|insert).*

2026-01-04 12:56:46 - VERB - Processing rule "Alert on SQL injection patterns by regex" (ID: 1003)
| Rule ID    : 1003
|   Desc     : Alert on SQL injection patterns by regex
|   Src IP   : any
|   Dst IP   : any
|   Src Port : any
|   Dst Port : any
|   Protocol : TCP
|   Action   : alert
|   Regex    : .*(union|select|drop|delete|insert).*

2026-01-04 12:56:46 - INFO - All rules OK. Loaded 4 rules
2026-01-04 12:56:46 - INFO - IPS started successfully
2026-01-04 12:57:05 - ALRT - 140.82.121.3:443 -> 192.168.0.233:45384 (TCP)
| Matches rule: "ALert github IPs" (ID: 1004)
| Rule ID    : 1004
|   Desc     : ALert github IPs
|   Src IP   : 140.82.121.3
|   Dst IP   : any
|   Src Port : any
|   Dst Port : any
|   Protocol : TCP
|   Action   : alert

2026-01-04 12:57:06 - ALRT - 140.82.121.3:443 -> 192.168.0.233:45384 (TCP)
| Matches rule: "ALert github IPs" (ID: 1004)
| Rule ID    : 1004
|   Desc     : ALert github IPs
|   Src IP   : 140.82.121.3
|   Dst IP   : any
|   Src Port : any
|   Dst Port : any
|   Protocol : TCP
|   Action   : alert

2026-01-04 12:57:07 - ALRT - 140.82.121.3:443 -> 192.168.0.233:45384 (TCP)
| Matches rule: "ALert github IPs" (ID: 1004)
| Rule ID    : 1004
|   Desc     : ALert github IPs
|   Src IP   : 140.82.121.3
|   Dst IP   : any
|   Src Port : any
|   Dst Port : any
|   Protocol : TCP
|   Action   : alert

2026-01-04 12:57:08 - ALRT - 140.82.121.3:443 -> 192.168.0.233:45384 (TCP)
| Matches rule: "ALert github IPs" (ID: 1004)
| Rule ID    : 1004
|   Desc     : ALert github IPs
|   Src IP   : 140.82.121.3
|   Dst IP   : any
|   Src Port : any
|   Dst Port : any
|   Protocol : TCP
|   Action   : alert

2026-01-04 12:57:09 - ALRT - 140.82.121.3:443 -> 192.168.0.233:45384 (TCP)
| Matches rule: "ALert github IPs" (ID: 1004)
| Rule ID    : 1004
|   Desc     : ALert github IPs
|   Src IP   : 140.82.121.3
|   Dst IP   : any
|   Src Port : any
|   Dst Port : any
|   Protocol : TCP
|   Action   : alert

2026-01-04 12:57:10 - ALRT - 140.82.121.3:443 -> 192.168.0.233:45384 (TCP)
| Matches rule: "ALert github IPs" (ID: 1004)
| Rule ID    : 1004
|   Desc     : ALert github IPs
|   Src IP   : 140.82.121.3
|   Dst IP   : any
|   Src Port : any
|   Dst Port : any
|   Protocol : TCP
|   Action   : alert

2026-01-04 12:57:11 - ALRT - 140.82.121.3:443 -> 192.168.0.233:45384 (TCP)
| Matches rule: "ALert github IPs" (ID: 1004)
| Rule ID    : 1004
|   Desc     : ALert github IPs
|   Src IP   : 140.82.121.3
|   Dst IP   : any
|   Src Port : any
|   Dst Port : any
|   Protocol : TCP
|   Action   : alert

2026-01-04 12:57:15 - ALRT - 140.82.121.3:443 -> 192.168.0.233:45384 (TCP)
| Matches rule: "ALert github IPs" (ID: 1004)
| Rule ID    : 1004
|   Desc     : ALert github IPs
|   Src IP   : 140.82.121.3
|   Dst IP   : any
|   Src Port : any
|   Dst Port : any
|   Protocol : TCP
|   Action   : alert

2026-01-04 12:57:23 - ALRT - 140.82.121.3:443 -> 192.168.0.233:45384 (TCP)
| Matches rule: "ALert github IPs" (ID: 1004)
| Rule ID    : 1004
|   Desc     : ALert github IPs
|   Src IP   : 140.82.121.3
|   Dst IP   : any
|   Src Port : any
|   Dst Port : any
|   Protocol : TCP
|   Action   : alert

2026-01-04 13:02:28 - VERB - Starting to load rules from config
2026-01-04 13:02:28 - INFO - Proceessing rules from "./configs/rules.json" next:
2026-01-04 13:02:28 - VERB - Processing rule "Block github IPs" (ID: 1001)
| Rule ID    : 1001
|   Desc     : Block github IPs
|   Src IP   : 140.82.121.3
|   Dst IP   : any
|   Src Port : any
|   Dst Port : any
|   Protocol : TCP
|   Action   : drop

2026-01-04 13:02:28 - VERB - Processing rule "ALert github IPs" (ID: 1004)
| Rule ID    : 1004
|   Desc     : ALert github IPs
|   Src IP   : 140.82.121.3
|   Dst IP   : any
|   Src Port : any
|   Dst Port : any
|   Protocol : TCP
|   Action   : alert

2026-01-04 13:02:28 - VERB - Processing rule "Block SQL injection patterns by regex" (ID: 1002)
| Rule ID    : 1002
|   Desc     : Block SQL injection patterns by regex
|   Src IP   : any
|   Dst IP   : any
|   Src Port : any
|   Dst Port : any
|   Protocol : TCP
|   Action   : drop
|   Regex    : .*(union|select|drop|delete|insert).*

2026-01-04 13:02:28 - VERB - Processing rule "Alert on SQL injection patterns by regex" (ID: 1003)
| Rule ID    : 1003
|   Desc     : Alert on SQL injection patterns by regex
|   Src IP   : any
|   Dst IP   : any
|   Src Port : any
|   Dst Port : any
|   Protocol : TCP
|   Action   : alert
|   Regex    : .*(union|select|drop|delete|insert).*

2026-01-04 13:02:28 - INFO - All rules OK. Loaded 4 rules
2026-01-04 13:02:28 - INFO - IPS started successfully
2026-01-04 13:02:31 - INFO - Proceessing rules from "./configs/rules.json" next:
2026-01-04 13:02:31 - INFO - All rules OK. Loaded 4 rules
2026-01-04 13:02:31 - INFO - IPS started successfully
2026-01-04 13:02:39 - ALRT - 140.82.121.3:443 -> 192.168.0.233:54598 (TCP)
| Matches rule: "ALert github IPs" (ID: 1004)
2026-01-04 13:02:40 - ALRT - 140.82.121.3:443 -> 192.168.0.233:54598 (TCP)
| Matches rule: "ALert github IPs" (ID: 1004)
2026-01-04 13:02:41 - ALRT - 140.82.121.3:443 -> 192.168.0.233:54598 (TCP)
| Matches rule: "ALert github IPs" (ID: 1004)
2026-01-04 13:02:42 - ALRT - 140.82.121.3:443 -> 192.168.0.233:54598 (TCP)
| Matches rule: "ALert github IPs" (ID: 1004)
2026-01-04 13:02:43 - ALRT - 140.82.121.3:443 -> 192.168.0.233:54598 (TCP)
| Matches rule: "ALert github IPs" (ID: 1004)
2026-01-04 13:02:44 - ALRT - 140.82.121.3:443 -> 192.168.0.233:54598 (TCP)
| Matches rule: "ALert github IPs" (ID: 1004)
2026-01-04 13:02:46 - ALRT - 140.82.121.3:443 -> 192.168.0.233:54598 (TCP)
| Matches rule: "ALert github IPs" (ID: 1004)
2026-01-04 13:02:50 - ALRT - 140.82.121.3:443 -> 192.168.0.233:54598 (TCP)
| Matches rule: "ALert github IPs" (ID: 1004)
2026-01-18 11:55:33 - VERB - Starting to load rules from config
2026-01-18 11:55:33 - INFO - Proceessing rules from "./configs/rules.json" next:
2026-01-18 11:55:33 - VERB - Processing rule "Block github IPs" (ID: 1001)
| Rule ID    : 1001
|   Desc     : Block github IPs
|   Src IP   : 140.82.121.3
|   Dst IP   : any
|   Src Port : any
|   Dst Port : any
|   Protocol : TCP
|   Action   : drop

2026-01-18 11:55:33 - VERB - Processing rule "ALert github IPs" (ID: 1004)
| Rule ID    : 1004
|   Desc     : ALert github IPs
|   Src IP   : 140.82.121.3
|   Dst IP   : any
|   Src Port : any
|   Dst Port : any
|   Protocol : TCP
|   Action   : alert

2026-01-18 11:55:33 - VERB - Processing rule "Block SQL injection patterns by regex" (ID: 1002)
| Rule ID    : 1002
|   Desc     : Block SQL injection patterns by regex
|   Src IP   : any
|   Dst IP   : any
|   Src Port : any
|   Dst Port : any
|   Protocol : TCP
|   Action   : drop
|   Regex    : .*(union|select|drop|delete|insert).*

2026-01-18 11:55:33 - VERB - Processing rule "Alert on SQL injection patterns by regex" (ID: 1003)
| Rule ID    : 1003
|   Desc     : Alert on SQL injection patterns by regex
|   Src IP   : any
|   Dst IP   : any
|   Src Port : any
|   Dst Port : any
|   Protocol : TCP
|   Action   : alert
|   Regex    : .*(union|select|drop|delete|insert).*

2026-01-18 11:55:33 - INFO - All rules OK. Loaded 4 rules
2026-01-18 11:55:33 - INFO - IPS started successfully
